<?xml version="1.0" encoding="UTF-8"?>
<robot generator="Robot 3.1.2 (Python 3.7.6 on win32)" generated="20200316 22:24:31.412" rpa="false">
<suite id="s1" name="Test" source="D:\_proj\JotaroInc-scrum-project\robot\test.robot">
<test id="s1-t1" name="Open Browser">
<kw name="Open Browser">
<arguments>
<arg>http://localhost/</arg>
<arg>Firefox</arg>
</arguments>
<msg timestamp="20200316 22:24:31.451" level="FAIL">No keyword with name 'Open Browser' found.</msg>
<status status="FAIL" starttime="20200316 22:24:31.451" endtime="20200316 22:24:31.451"></status>
</kw>
<status status="FAIL" starttime="20200316 22:24:31.449" endtime="20200316 22:24:31.452" critical="yes">No keyword with name 'Open Browser' found.</status>
</test>
<test id="s1-t2" name="Fail login">
<kw name="Go To">
<arguments>
<arg>http://localhost/login</arg>
</arguments>
<msg timestamp="20200316 22:24:31.455" level="FAIL">No keyword with name 'Go To' found.</msg>
<status status="FAIL" starttime="20200316 22:24:31.455" endtime="20200316 22:24:31.455"></status>
</kw>
<status status="FAIL" starttime="20200316 22:24:31.454" endtime="20200316 22:24:31.457" critical="yes">No keyword with name 'Go To' found.</status>
</test>
<status status="FAIL" starttime="20200316 22:24:31.413" endtime="20200316 22:24:31.459"></status>
</suite>
<statistics>
<total>
<stat pass="0" fail="2">Critical Tests</stat>
<stat pass="0" fail="2">All Tests</stat>
</total>
<tag>
</tag>
<suite>
<stat pass="0" fail="2" id="s1" name="Test">Test</stat>
</suite>
</statistics>
<errors>
<msg timestamp="20200316 22:24:31.446" level="ERROR">Error in file 'D:\_proj\JotaroInc-scrum-project\robot\test.robot': Importing test library 'SeleniumLibrary' failed: ModuleNotFoundError: No module named 'SeleniumLibrary'
Traceback (most recent call last):
  None
PYTHONPATH:
  C:\ProgramData\Anaconda3\envs\web\Scripts
  C:\ProgramData\Anaconda3\envs\web\python37.zip
  C:\ProgramData\Anaconda3\envs\web\DLLs
  C:\ProgramData\Anaconda3\envs\web\lib
  C:\ProgramData\Anaconda3\envs\web
  C:\ProgramData\Anaconda3\envs\web\lib\site-packages</msg>
</errors>
</robot>
